2023-06-25 11:48:48 [background-preinit] INFO  : HV000001: Hibernate Validator 6.2.5.Final
2023-06-25 11:48:48 [main] INFO  : Starting PaymentServiceApplication using Java 1.8.0_321 on Madhubala with PID 2056 (D:\workspace\microservices\SpringCloudGateway\Payment-Service\target\classes started by MADBULLA in D:\workspace\microservices\SpringCloudGateway\Order-Service)
2023-06-25 11:48:48 [main] INFO  : No active profile set, falling back to 1 default profile: "default"
2023-06-25 11:48:51 [main] INFO  : Bootstrapping Spring Data JPA repositories in DEFAULT mode.
2023-06-25 11:48:52 [main] INFO  : Finished Spring Data repository scanning in 894 ms. Found 1 JPA repository interfaces.
2023-06-25 11:48:55 [main] INFO  : BeanFactory id=37f676fd-33ba-3eec-be50-ed5f776e16da
2023-06-25 11:48:57 [main] INFO  : Tomcat initialized with port(s): 8084 (http)
2023-06-25 11:48:57 [main] INFO  : Initializing ProtocolHandler ["http-nio-8084"]
2023-06-25 11:48:57 [main] INFO  : Starting service [Tomcat]
2023-06-25 11:48:57 [main] INFO  : Starting Servlet engine: [Apache Tomcat/9.0.75]
2023-06-25 11:48:58 [main] INFO  : Initializing Spring embedded WebApplicationContext
2023-06-25 11:48:58 [main] INFO  : Root WebApplicationContext: initialization completed in 10362 ms
2023-06-25 11:49:00 [main] INFO  : HikariPool-1 - Starting...
2023-06-25 11:49:01 [main] INFO  : HikariPool-1 - Start completed.
2023-06-25 11:49:01 [main] INFO  : HHH000204: Processing PersistenceUnitInfo [name: entityManagerFactory]
2023-06-25 11:49:01 [main] INFO  : HHH000412: Hibernate ORM core version 5.6.15.Final
2023-06-25 11:49:02 [main] INFO  : HCANN000001: Hibernate Commons Annotations {5.1.2.Final}
2023-06-25 11:49:03 [main] INFO  : HHH000400: Using dialect: org.hibernate.dialect.MySQL8Dialect
2023-06-25 11:49:09 [main] INFO  : HHH000490: Using JtaPlatform implementation: [org.hibernate.engine.transaction.jta.platform.internal.NoJtaPlatform]
2023-06-25 11:49:09 [main] INFO  : Initialized JPA EntityManagerFactory for persistence unit 'entityManagerFactory'
2023-06-25 11:49:12 [main] WARN  : spring.jpa.open-in-view is enabled by default. Therefore, database queries may be performed during view rendering. Explicitly configure spring.jpa.open-in-view to disable this warning
2023-06-25 11:49:19 [main] INFO  : Eureka HTTP Client uses RestTemplate.
2023-06-25 11:49:19 [main] WARN  : Spring Cloud LoadBalancer is currently working with the default cache. While this cache implementation is useful for development and tests, it's recommended to use Caffeine cache in production.You can switch to using Caffeine cache, by adding it and org.springframework.cache.caffeine.CaffeineCacheManager to the classpath.
2023-06-25 11:49:19 [main] INFO  : Exposing 1 endpoint(s) beneath base path '/actuator'
2023-06-25 11:49:19 [main] INFO  : Setting initial instance status as: STARTING
2023-06-25 11:49:20 [main] INFO  : Initializing Eureka in region us-east-1
2023-06-25 11:49:20 [main] INFO  : Resolving eureka endpoints via configuration
2023-06-25 11:49:20 [main] INFO  : Disable delta property : false
2023-06-25 11:49:20 [main] INFO  : Single vip registry refresh property : null
2023-06-25 11:49:20 [main] INFO  : Force full registry fetch : false
2023-06-25 11:49:20 [main] INFO  : Application is null : false
2023-06-25 11:49:20 [main] INFO  : Registered Applications size is zero : true
2023-06-25 11:49:20 [main] INFO  : Application version is -1: true
2023-06-25 11:49:20 [main] INFO  : Getting all instance registry info from the eureka server
2023-06-25 11:49:22 [main] INFO  : The response status is 200
2023-06-25 11:49:22 [main] INFO  : Starting heartbeat executor: renew interval is: 30
2023-06-25 11:49:22 [main] INFO  : InstanceInfoReplicator onDemand update allowed rate per min is 4
2023-06-25 11:49:22 [main] INFO  : Discovery Client initialized at timestamp 1687673962834 with initial instances count: 2
2023-06-25 11:49:22 [main] INFO  : Registering application PAYMENT-SERVICE with eureka with status UP
2023-06-25 11:49:22 [main] INFO  : Saw local status change event StatusChangeEvent [timestamp=1687673962846, current=UP, previous=STARTING]
2023-06-25 11:49:22 [DiscoveryClient-InstanceInfoReplicator-0] INFO  : DiscoveryClient_PAYMENT-SERVICE/Madhubala:payment-service:8084: registering service...
2023-06-25 11:49:22 [main] INFO  : Starting ProtocolHandler ["http-nio-8084"]
2023-06-25 11:49:22 [main] INFO  : Tomcat started on port(s): 8084 (http) with context path ''
2023-06-25 11:49:22 [main] INFO  : Updating port to 8084
2023-06-25 11:49:23 [DiscoveryClient-InstanceInfoReplicator-0] INFO  : DiscoveryClient_PAYMENT-SERVICE/Madhubala:payment-service:8084 - registration status: 204
2023-06-25 11:49:23 [main] INFO  : Started PaymentServiceApplication in 40.38 seconds (JVM running for 42.914)
2023-06-25 11:54:20 [AsyncResolver-bootstrap-executor-0] INFO  : Resolving eureka endpoints via configuration
2023-06-25 11:59:20 [AsyncResolver-bootstrap-executor-0] INFO  : Resolving eureka endpoints via configuration
2023-06-25 12:04:20 [AsyncResolver-bootstrap-executor-0] INFO  : Resolving eureka endpoints via configuration
2023-06-25 12:09:20 [AsyncResolver-bootstrap-executor-0] INFO  : Resolving eureka endpoints via configuration
2023-06-25 12:14:20 [AsyncResolver-bootstrap-executor-0] INFO  : Resolving eureka endpoints via configuration
2023-06-25 12:19:20 [AsyncResolver-bootstrap-executor-0] INFO  : Resolving eureka endpoints via configuration
2023-06-25 12:24:20 [AsyncResolver-bootstrap-executor-0] INFO  : Resolving eureka endpoints via configuration
2023-06-25 12:29:20 [AsyncResolver-bootstrap-executor-0] INFO  : Resolving eureka endpoints via configuration
2023-06-25 12:34:20 [AsyncResolver-bootstrap-executor-0] INFO  : Resolving eureka endpoints via configuration
2023-06-25 12:39:20 [AsyncResolver-bootstrap-executor-0] INFO  : Resolving eureka endpoints via configuration
2023-06-25 12:44:20 [AsyncResolver-bootstrap-executor-0] INFO  : Resolving eureka endpoints via configuration
2023-06-25 12:49:20 [AsyncResolver-bootstrap-executor-0] INFO  : Resolving eureka endpoints via configuration
2023-06-25 12:54:20 [AsyncResolver-bootstrap-executor-0] INFO  : Resolving eureka endpoints via configuration
2023-06-25 12:58:50 [SpringApplicationShutdownHook] INFO  : Unregistering application PAYMENT-SERVICE with eureka with status DOWN
2023-06-25 12:58:50 [SpringApplicationShutdownHook] INFO  : Saw local status change event StatusChangeEvent [timestamp=1687678130862, current=DOWN, previous=UP]
2023-06-25 12:58:50 [DiscoveryClient-InstanceInfoReplicator-0] INFO  : DiscoveryClient_PAYMENT-SERVICE/Madhubala:payment-service:8084: registering service...
2023-06-25 12:58:51 [DiscoveryClient-InstanceInfoReplicator-0] INFO  : DiscoveryClient_PAYMENT-SERVICE/Madhubala:payment-service:8084 - registration status: 204
2023-06-25 12:58:52 [SpringApplicationShutdownHook] INFO  : Closing JPA EntityManagerFactory for persistence unit 'entityManagerFactory'
2023-06-25 12:58:52 [SpringApplicationShutdownHook] INFO  : HikariPool-1 - Shutdown initiated...
2023-06-25 12:58:52 [SpringApplicationShutdownHook] INFO  : HikariPool-1 - Shutdown completed.
2023-06-25 12:58:52 [SpringApplicationShutdownHook] INFO  : Shutting down DiscoveryClient ...
2023-06-25 12:58:55 [SpringApplicationShutdownHook] INFO  : Unregistering ...
2023-06-25 12:58:55 [SpringApplicationShutdownHook] INFO  : DiscoveryClient_PAYMENT-SERVICE/Madhubala:payment-service:8084 - deregister  status: 200
2023-06-25 12:58:55 [SpringApplicationShutdownHook] INFO  : Completed shut down of DiscoveryClient
2023-06-25 12:59:41 [background-preinit] INFO  : HV000001: Hibernate Validator 6.2.5.Final
2023-06-25 12:59:41 [main] INFO  : Starting PaymentServiceApplication using Java 1.8.0_321 on Madhubala with PID 4144 (D:\workspace\microservices\SpringCloudGateway\Payment-Service\target\classes started by MADBULLA in D:\workspace\microservices\SpringCloudGateway\Order-Service)
2023-06-25 12:59:41 [main] INFO  : No active profile set, falling back to 1 default profile: "default"
2023-06-25 12:59:44 [main] INFO  : Bootstrapping Spring Data JPA repositories in DEFAULT mode.
2023-06-25 12:59:45 [main] INFO  : Finished Spring Data repository scanning in 628 ms. Found 1 JPA repository interfaces.
2023-06-25 12:59:47 [main] INFO  : BeanFactory id=37f676fd-33ba-3eec-be50-ed5f776e16da
2023-06-25 12:59:50 [main] INFO  : Tomcat initialized with port(s): 8084 (http)
2023-06-25 12:59:50 [main] INFO  : Initializing ProtocolHandler ["http-nio-8084"]
2023-06-25 12:59:50 [main] INFO  : Starting service [Tomcat]
2023-06-25 12:59:50 [main] INFO  : Starting Servlet engine: [Apache Tomcat/9.0.75]
2023-06-25 12:59:50 [main] INFO  : Initializing Spring embedded WebApplicationContext
2023-06-25 12:59:50 [main] INFO  : Root WebApplicationContext: initialization completed in 8556 ms
2023-06-25 12:59:51 [main] INFO  : HikariPool-1 - Starting...
2023-06-25 12:59:52 [main] INFO  : HikariPool-1 - Start completed.
2023-06-25 12:59:52 [main] INFO  : HHH000204: Processing PersistenceUnitInfo [name: entityManagerFactory]
2023-06-25 12:59:53 [main] INFO  : HHH000412: Hibernate ORM core version 5.6.15.Final
2023-06-25 12:59:53 [main] INFO  : HCANN000001: Hibernate Commons Annotations {5.1.2.Final}
2023-06-25 12:59:54 [main] INFO  : HHH000400: Using dialect: org.hibernate.dialect.MySQL8Dialect
2023-06-25 12:59:57 [main] INFO  : HHH000490: Using JtaPlatform implementation: [org.hibernate.engine.transaction.jta.platform.internal.NoJtaPlatform]
2023-06-25 12:59:57 [main] INFO  : Initialized JPA EntityManagerFactory for persistence unit 'entityManagerFactory'
2023-06-25 12:59:58 [main] WARN  : spring.jpa.open-in-view is enabled by default. Therefore, database queries may be performed during view rendering. Explicitly configure spring.jpa.open-in-view to disable this warning
2023-06-25 13:00:04 [main] INFO  : Eureka HTTP Client uses RestTemplate.
2023-06-25 13:00:06 [main] WARN  : Spring Cloud LoadBalancer is currently working with the default cache. While this cache implementation is useful for development and tests, it's recommended to use Caffeine cache in production.You can switch to using Caffeine cache, by adding it and org.springframework.cache.caffeine.CaffeineCacheManager to the classpath.
2023-06-25 13:00:06 [main] INFO  : Exposing 1 endpoint(s) beneath base path '/actuator'
2023-06-25 13:00:06 [main] INFO  : Setting initial instance status as: STARTING
2023-06-25 13:00:07 [main] INFO  : Initializing Eureka in region us-east-1
2023-06-25 13:00:07 [main] INFO  : Resolving eureka endpoints via configuration
2023-06-25 13:00:07 [main] INFO  : Disable delta property : false
2023-06-25 13:00:07 [main] INFO  : Single vip registry refresh property : null
2023-06-25 13:00:07 [main] INFO  : Force full registry fetch : false
2023-06-25 13:00:07 [main] INFO  : Application is null : false
2023-06-25 13:00:07 [main] INFO  : Registered Applications size is zero : true
2023-06-25 13:00:07 [main] INFO  : Application version is -1: true
2023-06-25 13:00:07 [main] INFO  : Getting all instance registry info from the eureka server
2023-06-25 13:00:10 [main] INFO  : The response status is 200
2023-06-25 13:00:10 [main] INFO  : Starting heartbeat executor: renew interval is: 30
2023-06-25 13:00:10 [main] INFO  : InstanceInfoReplicator onDemand update allowed rate per min is 4
2023-06-25 13:00:10 [main] INFO  : Discovery Client initialized at timestamp 1687678210678 with initial instances count: 2
2023-06-25 13:00:10 [main] INFO  : Registering application PAYMENT-SERVICE with eureka with status UP
2023-06-25 13:00:10 [main] INFO  : Saw local status change event StatusChangeEvent [timestamp=1687678210687, current=UP, previous=STARTING]
2023-06-25 13:00:10 [main] INFO  : Starting ProtocolHandler ["http-nio-8084"]
2023-06-25 13:00:10 [DiscoveryClient-InstanceInfoReplicator-0] INFO  : DiscoveryClient_PAYMENT-SERVICE/Madhubala:payment-service:8084: registering service...
2023-06-25 13:00:10 [main] INFO  : Tomcat started on port(s): 8084 (http) with context path ''
2023-06-25 13:00:10 [main] INFO  : Updating port to 8084
2023-06-25 13:00:10 [DiscoveryClient-InstanceInfoReplicator-0] INFO  : DiscoveryClient_PAYMENT-SERVICE/Madhubala:payment-service:8084 - registration status: 204
2023-06-25 13:00:12 [main] INFO  : Started PaymentServiceApplication in 33.072 seconds (JVM running for 34.682)
2023-06-25 13:05:07 [AsyncResolver-bootstrap-executor-0] INFO  : Resolving eureka endpoints via configuration
2023-06-25 13:10:07 [AsyncResolver-bootstrap-executor-0] INFO  : Resolving eureka endpoints via configuration
2023-06-25 13:10:47 [SpringApplicationShutdownHook] INFO  : Unregistering application PAYMENT-SERVICE with eureka with status DOWN
2023-06-25 13:10:47 [SpringApplicationShutdownHook] INFO  : Saw local status change event StatusChangeEvent [timestamp=1687678847884, current=DOWN, previous=UP]
2023-06-25 13:10:47 [DiscoveryClient-InstanceInfoReplicator-0] INFO  : DiscoveryClient_PAYMENT-SERVICE/Madhubala:payment-service:8084: registering service...
2023-06-25 13:10:47 [DiscoveryClient-InstanceInfoReplicator-0] INFO  : DiscoveryClient_PAYMENT-SERVICE/Madhubala:payment-service:8084 - registration status: 204
2023-06-25 13:10:48 [SpringApplicationShutdownHook] INFO  : Closing JPA EntityManagerFactory for persistence unit 'entityManagerFactory'
2023-06-25 13:10:48 [SpringApplicationShutdownHook] INFO  : HikariPool-1 - Shutdown initiated...
2023-06-25 13:10:48 [SpringApplicationShutdownHook] INFO  : HikariPool-1 - Shutdown completed.
2023-06-25 13:10:48 [SpringApplicationShutdownHook] INFO  : Shutting down DiscoveryClient ...
2023-06-25 13:10:51 [SpringApplicationShutdownHook] INFO  : Unregistering ...
2023-06-25 13:10:51 [SpringApplicationShutdownHook] INFO  : DiscoveryClient_PAYMENT-SERVICE/Madhubala:payment-service:8084 - deregister  status: 200
2023-06-25 13:10:51 [SpringApplicationShutdownHook] INFO  : Completed shut down of DiscoveryClient
2023-06-25 14:06:12 [background-preinit] INFO  : HV000001: Hibernate Validator 6.2.5.Final
2023-06-25 14:06:13 [main] INFO  : Starting PaymentServiceApplication using Java 1.8.0_321 on Madhubala with PID 6736 (D:\workspace\microservices\SpringCloudGateway\Payment-Service\target\classes started by MADBULLA in D:\workspace\microservices\SpringCloudGateway\Order-Service)
2023-06-25 14:06:13 [main] INFO  : No active profile set, falling back to 1 default profile: "default"
2023-06-25 14:06:16 [main] INFO  : Bootstrapping Spring Data JPA repositories in DEFAULT mode.
2023-06-25 14:06:17 [main] INFO  : Finished Spring Data repository scanning in 622 ms. Found 1 JPA repository interfaces.
2023-06-25 14:06:19 [main] INFO  : BeanFactory id=37f676fd-33ba-3eec-be50-ed5f776e16da
2023-06-25 14:06:22 [main] INFO  : Tomcat initialized with port(s): 8084 (http)
2023-06-25 14:06:22 [main] INFO  : Initializing ProtocolHandler ["http-nio-8084"]
2023-06-25 14:06:22 [main] INFO  : Starting service [Tomcat]
2023-06-25 14:06:22 [main] INFO  : Starting Servlet engine: [Apache Tomcat/9.0.75]
2023-06-25 14:06:23 [main] INFO  : Initializing Spring embedded WebApplicationContext
2023-06-25 14:06:23 [main] INFO  : Root WebApplicationContext: initialization completed in 10387 ms
2023-06-25 14:06:25 [main] INFO  : HikariPool-1 - Starting...
2023-06-25 14:06:27 [main] INFO  : HikariPool-1 - Start completed.
2023-06-25 14:06:28 [main] INFO  : HHH000204: Processing PersistenceUnitInfo [name: entityManagerFactory]
2023-06-25 14:06:28 [main] INFO  : HHH000412: Hibernate ORM core version 5.6.15.Final
2023-06-25 14:06:29 [main] INFO  : HCANN000001: Hibernate Commons Annotations {5.1.2.Final}
2023-06-25 14:06:30 [main] INFO  : HHH000400: Using dialect: org.hibernate.dialect.MySQL8Dialect
2023-06-25 14:06:34 [main] INFO  : HHH000490: Using JtaPlatform implementation: [org.hibernate.engine.transaction.jta.platform.internal.NoJtaPlatform]
2023-06-25 14:06:34 [main] INFO  : Initialized JPA EntityManagerFactory for persistence unit 'entityManagerFactory'
2023-06-25 14:06:36 [main] WARN  : spring.jpa.open-in-view is enabled by default. Therefore, database queries may be performed during view rendering. Explicitly configure spring.jpa.open-in-view to disable this warning
2023-06-25 14:06:40 [main] INFO  : Eureka HTTP Client uses RestTemplate.
2023-06-25 14:06:40 [main] WARN  : Spring Cloud LoadBalancer is currently working with the default cache. While this cache implementation is useful for development and tests, it's recommended to use Caffeine cache in production.You can switch to using Caffeine cache, by adding it and org.springframework.cache.caffeine.CaffeineCacheManager to the classpath.
2023-06-25 14:06:40 [main] INFO  : Exposing 1 endpoint(s) beneath base path '/actuator'
2023-06-25 14:06:41 [main] INFO  : Setting initial instance status as: STARTING
2023-06-25 14:06:42 [main] INFO  : Initializing Eureka in region us-east-1
2023-06-25 14:06:42 [main] INFO  : Resolving eureka endpoints via configuration
2023-06-25 14:06:42 [main] INFO  : Disable delta property : false
2023-06-25 14:06:42 [main] INFO  : Single vip registry refresh property : null
2023-06-25 14:06:42 [main] INFO  : Force full registry fetch : false
2023-06-25 14:06:42 [main] INFO  : Application is null : false
2023-06-25 14:06:42 [main] INFO  : Registered Applications size is zero : true
2023-06-25 14:06:42 [main] INFO  : Application version is -1: true
2023-06-25 14:06:42 [main] INFO  : Getting all instance registry info from the eureka server
2023-06-25 14:06:45 [main] INFO  : The response status is 200
2023-06-25 14:06:45 [main] INFO  : Starting heartbeat executor: renew interval is: 30
2023-06-25 14:06:45 [main] INFO  : InstanceInfoReplicator onDemand update allowed rate per min is 4
2023-06-25 14:06:45 [main] INFO  : Discovery Client initialized at timestamp 1687682205166 with initial instances count: 3
2023-06-25 14:06:45 [main] INFO  : Registering application PAYMENT-SERVICE with eureka with status UP
2023-06-25 14:06:45 [main] INFO  : Saw local status change event StatusChangeEvent [timestamp=1687682205181, current=UP, previous=STARTING]
2023-06-25 14:06:45 [DiscoveryClient-InstanceInfoReplicator-0] INFO  : DiscoveryClient_PAYMENT-SERVICE/Madhubala:payment-service:8084: registering service...
2023-06-25 14:06:45 [main] INFO  : Starting ProtocolHandler ["http-nio-8084"]
2023-06-25 14:06:45 [main] INFO  : Tomcat started on port(s): 8084 (http) with context path ''
2023-06-25 14:06:45 [main] INFO  : Updating port to 8084
2023-06-25 14:06:45 [DiscoveryClient-InstanceInfoReplicator-0] INFO  : DiscoveryClient_PAYMENT-SERVICE/Madhubala:payment-service:8084 - registration status: 204
2023-06-25 14:06:46 [main] INFO  : Started PaymentServiceApplication in 36.623 seconds (JVM running for 38.569)
2023-06-25 14:11:42 [AsyncResolver-bootstrap-executor-0] INFO  : Resolving eureka endpoints via configuration
2023-06-25 14:12:17 [http-nio-8084-exec-1] INFO  : Initializing Spring DispatcherServlet 'dispatcherServlet'
2023-06-25 14:12:17 [http-nio-8084-exec-1] INFO  : Initializing Servlet 'dispatcherServlet'
2023-06-25 14:12:17 [http-nio-8084-exec-1] INFO  : Completed initialization in 152 ms
2023-06-25 14:12:20 [http-nio-8084-exec-1] INFO  : Payment Object: {"paymentId":9,"paymentStatus":"success","transactionId":"16980933-a09a-4bdd-8b07-1a51ab38f0ba","paymentMode":null,"orderId":10,"amount":3.0}
2023-06-25 14:16:42 [AsyncResolver-bootstrap-executor-0] INFO  : Resolving eureka endpoints via configuration
2023-06-25 14:21:42 [AsyncResolver-bootstrap-executor-0] INFO  : Resolving eureka endpoints via configuration
2023-06-25 14:26:42 [AsyncResolver-bootstrap-executor-0] INFO  : Resolving eureka endpoints via configuration
2023-06-25 14:31:42 [AsyncResolver-bootstrap-executor-0] INFO  : Resolving eureka endpoints via configuration
2023-06-25 14:36:42 [AsyncResolver-bootstrap-executor-0] INFO  : Resolving eureka endpoints via configuration
2023-06-25 14:41:42 [AsyncResolver-bootstrap-executor-0] INFO  : Resolving eureka endpoints via configuration
2023-06-25 14:46:42 [AsyncResolver-bootstrap-executor-0] INFO  : Resolving eureka endpoints via configuration
2023-06-25 14:51:42 [AsyncResolver-bootstrap-executor-0] INFO  : Resolving eureka endpoints via configuration
2023-06-25 14:56:42 [AsyncResolver-bootstrap-executor-0] INFO  : Resolving eureka endpoints via configuration
2023-06-25 15:01:42 [AsyncResolver-bootstrap-executor-0] INFO  : Resolving eureka endpoints via configuration
2023-06-25 15:06:42 [AsyncResolver-bootstrap-executor-0] INFO  : Resolving eureka endpoints via configuration
2023-06-25 15:11:42 [AsyncResolver-bootstrap-executor-0] INFO  : Resolving eureka endpoints via configuration
2023-06-25 15:16:42 [AsyncResolver-bootstrap-executor-0] INFO  : Resolving eureka endpoints via configuration
2023-06-25 15:21:42 [AsyncResolver-bootstrap-executor-0] INFO  : Resolving eureka endpoints via configuration
2023-06-25 15:26:42 [AsyncResolver-bootstrap-executor-0] INFO  : Resolving eureka endpoints via configuration
2023-06-25 15:31:42 [AsyncResolver-bootstrap-executor-0] INFO  : Resolving eureka endpoints via configuration
2023-06-25 15:36:42 [AsyncResolver-bootstrap-executor-0] INFO  : Resolving eureka endpoints via configuration
2023-06-25 15:41:42 [AsyncResolver-bootstrap-executor-0] INFO  : Resolving eureka endpoints via configuration
2023-06-25 15:46:42 [AsyncResolver-bootstrap-executor-0] INFO  : Resolving eureka endpoints via configuration
2023-06-25 15:51:42 [AsyncResolver-bootstrap-executor-0] INFO  : Resolving eureka endpoints via configuration
2023-06-25 15:56:42 [AsyncResolver-bootstrap-executor-0] INFO  : Resolving eureka endpoints via configuration
2023-06-25 16:01:42 [AsyncResolver-bootstrap-executor-0] INFO  : Resolving eureka endpoints via configuration
2023-06-25 16:06:42 [AsyncResolver-bootstrap-executor-0] INFO  : Resolving eureka endpoints via configuration
2023-06-25 16:11:42 [AsyncResolver-bootstrap-executor-0] INFO  : Resolving eureka endpoints via configuration
2023-06-25 16:16:42 [AsyncResolver-bootstrap-executor-0] INFO  : Resolving eureka endpoints via configuration
2023-06-25 16:21:42 [AsyncResolver-bootstrap-executor-0] INFO  : Resolving eureka endpoints via configuration
2023-06-25 16:26:42 [AsyncResolver-bootstrap-executor-0] INFO  : Resolving eureka endpoints via configuration
2023-06-25 16:31:42 [AsyncResolver-bootstrap-executor-0] INFO  : Resolving eureka endpoints via configuration
2023-06-25 16:36:42 [AsyncResolver-bootstrap-executor-0] INFO  : Resolving eureka endpoints via configuration
2023-06-25 16:41:42 [AsyncResolver-bootstrap-executor-0] INFO  : Resolving eureka endpoints via configuration
2023-06-25 16:46:42 [AsyncResolver-bootstrap-executor-0] INFO  : Resolving eureka endpoints via configuration
2023-06-25 16:51:42 [AsyncResolver-bootstrap-executor-0] INFO  : Resolving eureka endpoints via configuration
2023-06-25 16:56:42 [AsyncResolver-bootstrap-executor-0] INFO  : Resolving eureka endpoints via configuration
2023-06-25 18:12:14 [HikariPool-1 housekeeper] WARN  : HikariPool-1 - Thread starvation or clock leap detected (housekeeper delta=1h13m49s590ms768µs).
2023-06-25 18:14:56 [AsyncResolver-bootstrap-executor-0] INFO  : Resolving eureka endpoints via configuration
2023-06-25 18:19:56 [AsyncResolver-bootstrap-executor-0] INFO  : Resolving eureka endpoints via configuration
2023-06-25 18:24:56 [AsyncResolver-bootstrap-executor-0] INFO  : Resolving eureka endpoints via configuration
2023-06-25 18:29:56 [AsyncResolver-bootstrap-executor-0] INFO  : Resolving eureka endpoints via configuration
2023-06-25 18:34:56 [AsyncResolver-bootstrap-executor-0] INFO  : Resolving eureka endpoints via configuration
2023-06-25 21:08:56 [background-preinit] INFO  : HV000001: Hibernate Validator 6.2.5.Final
2023-06-25 21:08:56 [main] INFO  : Starting PaymentServiceApplication using Java 1.8.0_321 on Madhubala with PID 10884 (D:\workspace\microservices\SpringCloudGateway\Payment-Service\target\classes started by MADBULLA in D:\workspace\microservices\SpringCloudGateway\Order-Service)
2023-06-25 21:08:56 [main] INFO  : No active profile set, falling back to 1 default profile: "default"
2023-06-25 21:09:02 [main] INFO  : Bootstrapping Spring Data JPA repositories in DEFAULT mode.
2023-06-25 21:09:03 [main] INFO  : Finished Spring Data repository scanning in 915 ms. Found 1 JPA repository interfaces.
2023-06-25 21:09:07 [main] INFO  : BeanFactory id=37f676fd-33ba-3eec-be50-ed5f776e16da
2023-06-25 21:09:11 [main] INFO  : Tomcat initialized with port(s): 8084 (http)
2023-06-25 21:09:11 [main] INFO  : Initializing ProtocolHandler ["http-nio-8084"]
2023-06-25 21:09:11 [main] INFO  : Starting service [Tomcat]
2023-06-25 21:09:11 [main] INFO  : Starting Servlet engine: [Apache Tomcat/9.0.75]
2023-06-25 21:09:12 [main] INFO  : Initializing Spring embedded WebApplicationContext
2023-06-25 21:09:12 [main] INFO  : Root WebApplicationContext: initialization completed in 15744 ms
2023-06-25 21:09:13 [main] INFO  : HikariPool-1 - Starting...
2023-06-25 21:09:14 [main] INFO  : HikariPool-1 - Start completed.
2023-06-25 21:09:14 [main] INFO  : HHH000204: Processing PersistenceUnitInfo [name: entityManagerFactory]
2023-06-25 21:09:15 [main] INFO  : HHH000412: Hibernate ORM core version 5.6.15.Final
2023-06-25 21:09:15 [main] INFO  : HCANN000001: Hibernate Commons Annotations {5.1.2.Final}
2023-06-25 21:09:17 [main] INFO  : HHH000400: Using dialect: org.hibernate.dialect.MySQL8Dialect
2023-06-25 21:09:21 [main] INFO  : HHH000490: Using JtaPlatform implementation: [org.hibernate.engine.transaction.jta.platform.internal.NoJtaPlatform]
2023-06-25 21:09:21 [main] INFO  : Initialized JPA EntityManagerFactory for persistence unit 'entityManagerFactory'
2023-06-25 21:09:24 [main] WARN  : spring.jpa.open-in-view is enabled by default. Therefore, database queries may be performed during view rendering. Explicitly configure spring.jpa.open-in-view to disable this warning
2023-06-25 21:09:30 [main] INFO  : Eureka HTTP Client uses RestTemplate.
2023-06-25 21:09:31 [main] WARN  : Spring Cloud LoadBalancer is currently working with the default cache. While this cache implementation is useful for development and tests, it's recommended to use Caffeine cache in production.You can switch to using Caffeine cache, by adding it and org.springframework.cache.caffeine.CaffeineCacheManager to the classpath.
2023-06-25 21:09:31 [main] INFO  : Exposing 1 endpoint(s) beneath base path '/actuator'
2023-06-25 21:09:31 [main] INFO  : Setting initial instance status as: STARTING
2023-06-25 21:09:32 [main] INFO  : Initializing Eureka in region us-east-1
2023-06-25 21:09:32 [main] INFO  : Resolving eureka endpoints via configuration
2023-06-25 21:09:32 [main] INFO  : Disable delta property : false
2023-06-25 21:09:32 [main] INFO  : Single vip registry refresh property : null
2023-06-25 21:09:32 [main] INFO  : Force full registry fetch : false
2023-06-25 21:09:32 [main] INFO  : Application is null : false
2023-06-25 21:09:32 [main] INFO  : Registered Applications size is zero : true
2023-06-25 21:09:32 [main] INFO  : Application version is -1: true
2023-06-25 21:09:32 [main] INFO  : Getting all instance registry info from the eureka server
2023-06-25 21:09:35 [main] INFO  : The response status is 200
2023-06-25 21:09:35 [main] INFO  : Starting heartbeat executor: renew interval is: 30
2023-06-25 21:09:35 [main] INFO  : InstanceInfoReplicator onDemand update allowed rate per min is 4
2023-06-25 21:09:35 [main] INFO  : Discovery Client initialized at timestamp 1687707575922 with initial instances count: 3
2023-06-25 21:09:35 [main] INFO  : Registering application PAYMENT-SERVICE with eureka with status UP
2023-06-25 21:09:35 [main] INFO  : Saw local status change event StatusChangeEvent [timestamp=1687707575939, current=UP, previous=STARTING]
2023-06-25 21:09:35 [DiscoveryClient-InstanceInfoReplicator-0] INFO  : DiscoveryClient_PAYMENT-SERVICE/Madhubala:payment-service:8084: registering service...
2023-06-25 21:09:35 [main] INFO  : Starting ProtocolHandler ["http-nio-8084"]
2023-06-25 21:09:36 [main] INFO  : Tomcat started on port(s): 8084 (http) with context path ''
2023-06-25 21:09:36 [main] INFO  : Updating port to 8084
2023-06-25 21:09:36 [DiscoveryClient-InstanceInfoReplicator-0] INFO  : DiscoveryClient_PAYMENT-SERVICE/Madhubala:payment-service:8084 - registration status: 204
2023-06-25 21:09:37 [main] INFO  : Started PaymentServiceApplication in 44.539 seconds (JVM running for 46.883)
2023-06-25 21:11:17 [http-nio-8084-exec-9] INFO  : Initializing Spring DispatcherServlet 'dispatcherServlet'
2023-06-25 21:11:17 [http-nio-8084-exec-9] INFO  : Initializing Servlet 'dispatcherServlet'
2023-06-25 21:11:17 [http-nio-8084-exec-9] INFO  : Completed initialization in 100 ms
2023-06-25 21:11:18 [http-nio-8084-exec-9] INFO  : Payment Object: {"paymentId":10,"paymentStatus":"success","transactionId":"4ccf758a-a9ed-48d6-9054-4f21548c9ebf","paymentMode":null,"orderId":11,"amount":3.0}
2023-06-25 21:14:32 [AsyncResolver-bootstrap-executor-0] INFO  : Resolving eureka endpoints via configuration
2023-06-25 21:19:32 [AsyncResolver-bootstrap-executor-0] INFO  : Resolving eureka endpoints via configuration
2023-06-25 21:24:32 [AsyncResolver-bootstrap-executor-0] INFO  : Resolving eureka endpoints via configuration
2023-06-25 21:29:32 [AsyncResolver-bootstrap-executor-0] INFO  : Resolving eureka endpoints via configuration
2023-06-25 21:34:32 [AsyncResolver-bootstrap-executor-0] INFO  : Resolving eureka endpoints via configuration
2023-06-25 21:39:33 [AsyncResolver-bootstrap-executor-0] INFO  : Resolving eureka endpoints via configuration
2023-06-25 21:44:33 [AsyncResolver-bootstrap-executor-0] INFO  : Resolving eureka endpoints via configuration
2023-06-25 21:49:33 [AsyncResolver-bootstrap-executor-0] INFO  : Resolving eureka endpoints via configuration
2023-06-25 21:54:33 [AsyncResolver-bootstrap-executor-0] INFO  : Resolving eureka endpoints via configuration
2023-06-25 21:59:33 [AsyncResolver-bootstrap-executor-0] INFO  : Resolving eureka endpoints via configuration
2023-06-25 22:04:33 [AsyncResolver-bootstrap-executor-0] INFO  : Resolving eureka endpoints via configuration
2023-06-25 22:09:33 [AsyncResolver-bootstrap-executor-0] INFO  : Resolving eureka endpoints via configuration
2023-06-25 22:14:33 [AsyncResolver-bootstrap-executor-0] INFO  : Resolving eureka endpoints via configuration
2023-06-25 22:19:33 [AsyncResolver-bootstrap-executor-0] INFO  : Resolving eureka endpoints via configuration
2023-06-25 22:24:33 [AsyncResolver-bootstrap-executor-0] INFO  : Resolving eureka endpoints via configuration
2023-06-25 22:29:33 [AsyncResolver-bootstrap-executor-0] INFO  : Resolving eureka endpoints via configuration
2023-06-25 22:34:33 [AsyncResolver-bootstrap-executor-0] INFO  : Resolving eureka endpoints via configuration
2023-06-25 22:39:33 [AsyncResolver-bootstrap-executor-0] INFO  : Resolving eureka endpoints via configuration
2023-06-25 22:44:33 [AsyncResolver-bootstrap-executor-0] INFO  : Resolving eureka endpoints via configuration
2023-06-25 22:49:33 [AsyncResolver-bootstrap-executor-0] INFO  : Resolving eureka endpoints via configuration
2023-06-25 22:54:33 [AsyncResolver-bootstrap-executor-0] INFO  : Resolving eureka endpoints via configuration
2023-06-25 22:59:33 [AsyncResolver-bootstrap-executor-0] INFO  : Resolving eureka endpoints via configuration
2023-06-25 23:04:33 [AsyncResolver-bootstrap-executor-0] INFO  : Resolving eureka endpoints via configuration
2023-06-25 23:09:33 [AsyncResolver-bootstrap-executor-0] INFO  : Resolving eureka endpoints via configuration
